0 info it worked if it ends with ok
1 verbose cli [ 'C:\\Program Files\\nodejs\\node.exe',
1 verbose cli   'C:\\Users\\Andrew\\AppData\\Roaming\\npm\\node_modules\\npm\\bin\\npm-cli.js',
1 verbose cli   'run',
1 verbose cli   'dev-build-webpack' ]
2 info using npm@4.0.2
3 info using node@v7.2.0
4 verbose run-script [ 'predev-build-webpack',
4 verbose run-script   'dev-build-webpack',
4 verbose run-script   'postdev-build-webpack' ]
5 info lifecycle andrewsunada.com@1.0.0~predev-build-webpack: andrewsunada.com@1.0.0
6 silly lifecycle andrewsunada.com@1.0.0~predev-build-webpack: no script for predev-build-webpack, continuing
7 info lifecycle andrewsunada.com@1.0.0~dev-build-webpack: andrewsunada.com@1.0.0
8 verbose lifecycle andrewsunada.com@1.0.0~dev-build-webpack: unsafe-perm in lifecycle true
9 verbose lifecycle andrewsunada.com@1.0.0~dev-build-webpack: PATH: C:\Users\Andrew\AppData\Roaming\npm\node_modules\npm\bin\node-gyp-bin;D:\Projects\andrewsunada-react.com\node_modules\.bin;C:\Users\Andrew\bin;C:\Program Files\Git\mingw64\bin;C:\Program Files\Git\usr\local\bin;C:\Program Files\Git\usr\bin;C:\Program Files\Git\usr\bin;C:\Program Files\Git\cmd;C:\Users\Andrew\Documents\ConEmu;C:\Users\Andrew\Documents\ConEmu\ConEmu;C:\Windows\system32;C:\Windows;C:\Windows\System32\Wbem;C:\Windows\System32\WindowsPowerShell\v1.0;C:\Program Files (x86)\NVIDIA Corporation\PhysX\Common;C:\Program Files\Git\cmd;C:\WINDOWS\system32;C:\WINDOWS;C:\WINDOWS\System32\Wbem;C:\WINDOWS\System32\WindowsPowerShell\v1.0;C:\Program Files\TortoiseSVN\bin;C:\wamp\bin\mysql\mysql5.6.17\bin;C:\Program Files\nodejs;C:\ProgramData\chocolatey\bin;C:\Program Files\Java\jdk1.8.0_112\bin;C:\wamp\bin\php\php5.5.12;C:\Program Files (x86)\Yarn\bin;C:\Ruby22-x64\bin;C:\Users\Andrew\AppData\Local\Microsoft\WindowsApps;C:\Users\Andrew\AppData\Roaming\npm;C:\Users\Andrew\AppData\Local\Android\android-sdk\tools;C:\Users\Andrew\AppData\Local\Android\android-sdk\platform-tools;C:\Users\Andrew\AppData\Local\atom\bin;C:\Users\Andrew\AppData\Local\Yarn\.bin;C:\Users\Andrew\AppData\Local\Microsoft\WindowsApps;C:\Program Files (x86)\Microsoft VS Code\bin;C:\Program Files\Git\usr\bin\vendor_perl;C:\Program Files\Git\usr\bin\core_perl
10 verbose lifecycle andrewsunada.com@1.0.0~dev-build-webpack: CWD: D:\Projects\andrewsunada-react.com
11 silly lifecycle andrewsunada.com@1.0.0~dev-build-webpack: Args: [ '/d /s /c', 'webpack --watch' ]
12 silly lifecycle andrewsunada.com@1.0.0~dev-build-webpack: Returned: code: 1  signal: null
13 info lifecycle andrewsunada.com@1.0.0~dev-build-webpack: Failed to exec dev-build-webpack script
14 verbose stack Error: andrewsunada.com@1.0.0 dev-build-webpack: `webpack --watch`
14 verbose stack Exit status 1
14 verbose stack     at EventEmitter.<anonymous> (C:\Users\Andrew\AppData\Roaming\npm\node_modules\npm\lib\utils\lifecycle.js:279:16)
14 verbose stack     at emitTwo (events.js:106:13)
14 verbose stack     at EventEmitter.emit (events.js:191:7)
14 verbose stack     at ChildProcess.<anonymous> (C:\Users\Andrew\AppData\Roaming\npm\node_modules\npm\lib\utils\spawn.js:40:14)
14 verbose stack     at emitTwo (events.js:106:13)
14 verbose stack     at ChildProcess.emit (events.js:191:7)
14 verbose stack     at maybeClose (internal/child_process.js:885:16)
14 verbose stack     at Process.ChildProcess._handle.onexit (internal/child_process.js:226:5)
15 verbose pkgid andrewsunada.com@1.0.0
16 verbose cwd D:\Projects\andrewsunada-react.com
17 error Windows_NT 10.0.15063
18 error argv "C:\\Program Files\\nodejs\\node.exe" "C:\\Users\\Andrew\\AppData\\Roaming\\npm\\node_modules\\npm\\bin\\npm-cli.js" "run" "dev-build-webpack"
19 error node v7.2.0
20 error npm  v4.0.2
21 error code ELIFECYCLE
22 error andrewsunada.com@1.0.0 dev-build-webpack: `webpack --watch`
22 error Exit status 1
23 error Failed at the andrewsunada.com@1.0.0 dev-build-webpack script 'webpack --watch'.
23 error Make sure you have the latest version of node.js and npm installed.
23 error If you do, this is most likely a problem with the andrewsunada.com package,
23 error not with npm itself.
23 error Tell the author that this fails on your system:
23 error     webpack --watch
23 error You can get information on how to open an issue for this project with:
23 error     npm bugs andrewsunada.com
23 error Or if that isn't available, you can get their info via:
23 error     npm owner ls andrewsunada.com
23 error There is likely additional logging output above.
24 verbose exit [ 1, true ]
